<?xml version="1.0" encoding="UTF-8"?>
<!-- Generated by org.testng.reporters.JUnitReportReporter -->
<testsuite hostname="Azamkhujas-MBP" failures="0" tests="3" name="com.codewithazam.lesson01.TestNGDemo" time="0.005" errors="0" timestamp="2022-08-03T15:01:33 EDT" skipped="0">
  <testcase classname="com.codewithazam.lesson01.TestNGDemo" name="testTwo" time="0.000"/>
  <system-out/>
  <testcase classname="com.codewithazam.lesson01.TestNGDemo" name="testOne" time="0.001"/>
  <system-out/>
  <testcase classname="com.codewithazam.lesson01.TestNGDemo" name="testThree" time="0.004"/>
  <system-out/>
</testsuite> <!-- com.codewithazam.lesson01.TestNGDemo -->
