<?xml version="1.0" encoding="UTF-8"?>
<!-- Generated by org.testng.reporters.JUnitReportReporter -->
<testsuite hostname="Azamkhujas-MBP" failures="0" tests="1" name="com.codewithazam.lesson02.SoftAssertDemo" time="11.172" errors="0" timestamp="2022-08-03T14:51:51 EDT" skipped="0">
  <testcase classname="com.codewithazam.lesson02.SoftAssertDemo" name="logoAndWelcomeValidation" time="11.172"/>
  <system-out/>
</testsuite> <!-- com.codewithazam.lesson02.SoftAssertDemo -->
