<?xml version="1.0" encoding="UTF-8"?>
<!-- Generated by org.testng.reporters.JUnitReportReporter -->
<testsuite hostname="Azamkhujas-MBP" failures="0" tests="3" name="com.codewithazam.lesson03.DataProviderDemo" time="28.602" errors="0" timestamp="2022-08-03T18:45:37 EDT" skipped="0">
  <testcase classname="com.codewithazam.lesson03.DataProviderDemo" name="loginFunctionality" time="8.185"/>
  <system-out/>
  <testcase classname="com.codewithazam.lesson03.DataProviderDemo" name="loginFunctionality" time="11.941"/>
  <system-out/>
  <testcase classname="com.codewithazam.lesson03.DataProviderDemo" name="loginFunctionality" time="8.476"/>
  <system-out/>
</testsuite> <!-- com.codewithazam.lesson03.DataProviderDemo -->
