<?xml version="1.0" encoding="UTF-8"?>
<!-- Generated by org.testng.reporters.JUnitReportReporter -->
<testsuite hostname="Azamkhujas-MBP" failures="0" tests="4" name="com.codewithazam.lesson02.EnableAndDisable" time="0.005" errors="0" timestamp="2022-08-03T14:59:00 EDT" skipped="2">
  <testcase classname="com.codewithazam.lesson02.EnableAndDisable" name="secondTest" time="0.005"/>
  <system-out/>
  <testcase classname="com.codewithazam.lesson02.EnableAndDisable" name="fourthTest" time="0.000"/>
  <system-out/>
  <testcase classname="com.codewithazam.lesson02.EnableAndDisable" name="thirdTest">
    <skipped/>
  </testcase> <!-- thirdTest -->
  <system-out/>
  <testcase classname="com.codewithazam.lesson02.EnableAndDisable" name="firstTest">
    <skipped/>
  </testcase> <!-- firstTest -->
  <system-out/>
</testsuite> <!-- com.codewithazam.lesson02.EnableAndDisable -->
