<?xml version="1.0" encoding="UTF-8"?>
<!-- Generated by org.testng.reporters.JUnitReportReporter -->
<testsuite hostname="Azamkhujas-MBP" failures="0" tests="1" name="com.codewithazam.lesson03.GroupsDemo" time="0.006" errors="0" timestamp="2022-08-03T17:33:58 EDT" skipped="0">
  <testcase classname="com.codewithazam.lesson03.GroupsDemo" name="test2" time="0.006"/>
  <system-out/>
</testsuite> <!-- com.codewithazam.lesson03.GroupsDemo -->
