<?xml version="1.0" encoding="UTF-8"?>
<!-- Generated by org.testng.reporters.JUnitReportReporter -->
<testsuite hostname="Azamkhujas-MBP" failures="0" tests="3" name="com.codewithazam.lesson01.TitleAndLoginValidation" time="20.806" errors="0" timestamp="2022-08-02T20:22:30 EDT" skipped="0">
  <testcase classname="com.codewithazam.lesson01.TitleAndLoginValidation" name="loginValidation" time="10.727"/>
  <system-out/>
  <testcase classname="com.codewithazam.lesson01.TitleAndLoginValidation" name="titleValidation" time="5.042"/>
  <system-out/>
  <testcase classname="com.codewithazam.lesson01.TitleAndLoginValidation" name="logoValidation" time="5.037"/>
  <system-out/>
</testsuite> <!-- com.codewithazam.lesson01.TitleAndLoginValidation -->
