<?xml version="1.0" encoding="UTF-8"?>
<!-- Generated by org.testng.reporters.JUnitReportReporter -->
<testsuite hostname="Azamkhujas-MBP" failures="0" tests="5" name="com.codewithazam.lesson02.PriorityDemo" time="0.005" errors="0" timestamp="2022-08-03T15:01:33 EDT" skipped="0">
  <testcase classname="com.codewithazam.lesson02.PriorityDemo" name="thirdTest" time="0.000"/>
  <system-out/>
  <testcase classname="com.codewithazam.lesson02.PriorityDemo" name="fifthTest" time="0.004"/>
  <system-out/>
  <testcase classname="com.codewithazam.lesson02.PriorityDemo" name="firstTest" time="0.000"/>
  <system-out/>
  <testcase classname="com.codewithazam.lesson02.PriorityDemo" name="secondTest" time="0.000"/>
  <system-out/>
  <testcase classname="com.codewithazam.lesson02.PriorityDemo" name="fourthTest" time="0.001"/>
  <system-out/>
</testsuite> <!-- com.codewithazam.lesson02.PriorityDemo -->
